0 info it worked if it ends with ok
1 verbose cli [ '/usr/bin/nodejs',
1 verbose cli   '/usr/bin/npm',
1 verbose cli   'install',
1 verbose cli   '-g',
1 verbose cli   'gitbook-cli' ]
2 info using npm@3.5.2
3 info using node@v4.2.6
4 silly loadCurrentTree Starting
5 silly install loadCurrentTree
6 silly install readGlobalPackageData
7 silly fetchPackageMetaData gitbook-cli
8 silly fetchNamedPackageData gitbook-cli
9 silly mapToRegistry name gitbook-cli
10 silly mapToRegistry using default registry
11 silly mapToRegistry registry https://registry.npmjs.org/
12 silly mapToRegistry uri https://registry.npmjs.org/gitbook-cli
13 verbose request uri https://registry.npmjs.org/gitbook-cli
14 verbose request no auth needed
15 info attempt registry request try #1 at 11:25:02 PM
16 verbose request id e65e324662f8505e
17 http request GET https://registry.npmjs.org/gitbook-cli
18 info retry will retry, error on last attempt: Error: tunneling socket could not be established, cause=connect ECONNREFUSED 127.0.0.1:443
19 info attempt registry request try #2 at 11:25:12 PM
20 http request GET https://registry.npmjs.org/gitbook-cli
21 info retry will retry, error on last attempt: Error: tunneling socket could not be established, cause=connect ECONNREFUSED 127.0.0.1:443
22 info attempt registry request try #3 at 11:26:12 PM
23 http request GET https://registry.npmjs.org/gitbook-cli
24 silly fetchPackageMetaData Error: tunneling socket could not be established, cause=connect ECONNREFUSED 127.0.0.1:443
24 silly fetchPackageMetaData     at ClientRequest.onError (/usr/share/npm/node_modules/request/node_modules/tunnel-agent/index.js:174:17)
24 silly fetchPackageMetaData     at ClientRequest.g (events.js:260:16)
24 silly fetchPackageMetaData     at emitOne (events.js:77:13)
24 silly fetchPackageMetaData     at ClientRequest.emit (events.js:169:7)
24 silly fetchPackageMetaData     at TLSSocket.socketErrorListener (_http_client.js:258:9)
24 silly fetchPackageMetaData     at emitOne (events.js:77:13)
24 silly fetchPackageMetaData     at TLSSocket.emit (events.js:169:7)
24 silly fetchPackageMetaData     at emitErrorNT (net.js:1256:8)
24 silly fetchPackageMetaData     at nextTickCallbackWith2Args (node.js:441:9)
24 silly fetchPackageMetaData     at process._tickCallback (node.js:355:17)
24 silly fetchPackageMetaData  error for gitbook-cli { [Error: tunneling socket could not be established, cause=connect ECONNREFUSED 127.0.0.1:443] code: 'ECONNRESET' }
25 silly rollbackFailedOptional Starting
26 silly rollbackFailedOptional Finishing
27 silly runTopLevelLifecycles Starting
28 silly runTopLevelLifecycles Finishing
29 silly install printInstalled
30 verbose stack Error: tunneling socket could not be established, cause=connect ECONNREFUSED 127.0.0.1:443
30 verbose stack     at ClientRequest.onError (/usr/share/npm/node_modules/request/node_modules/tunnel-agent/index.js:174:17)
30 verbose stack     at ClientRequest.g (events.js:260:16)
30 verbose stack     at emitOne (events.js:77:13)
30 verbose stack     at ClientRequest.emit (events.js:169:7)
30 verbose stack     at TLSSocket.socketErrorListener (_http_client.js:258:9)
30 verbose stack     at emitOne (events.js:77:13)
30 verbose stack     at TLSSocket.emit (events.js:169:7)
30 verbose stack     at emitErrorNT (net.js:1256:8)
30 verbose stack     at nextTickCallbackWith2Args (node.js:441:9)
30 verbose stack     at process._tickCallback (node.js:355:17)
31 verbose cwd /mnt/FC8C84988C844ED8/Pthing/Projects/CMS/butterscotch
32 error Linux 4.4.0-66-generic
33 error argv "/usr/bin/nodejs" "/usr/bin/npm" "install" "-g" "gitbook-cli"
34 error node v4.2.6
35 error npm  v3.5.2
36 error code ECONNRESET
37 error network tunneling socket could not be established, cause=connect ECONNREFUSED 127.0.0.1:443
38 error network This is most likely not a problem with npm itself
38 error network and is related to network connectivity.
38 error network In most cases you are behind a proxy or have bad network settings.
38 error network
38 error network If you are behind a proxy, please make sure that the
38 error network 'proxy' config is set properly.  See: 'npm help config'
39 verbose exit [ 1, true ]
